info it worked if it ends with ok
verbose cli [ 'node', '/usr/local/bin/npm', 'install', '-g', 'express' ]
info using npm@1.1.1
info using node@v0.6.11
verbose config file /Users/Soe/.npmrc
verbose config file /usr/local/etc/npmrc
verbose config file /usr/local/lib/node_modules/npm/npmrc
verbose cache add [ 'express', null ]
silly cache add: name, spec, args [ undefined, 'express', [ 'express', null ] ]
verbose parsed url { pathname: 'express', path: 'express', href: 'express' }
verbose addNamed [ 'express', '' ]
verbose addNamed [ null, '' ]
silly name, range, hasData [ 'express', '', false ]
verbose raw, before any munging express
verbose url resolving [ 'https://registry.npmjs.org/', './express' ]
verbose url resolved https://registry.npmjs.org/express
verbose etag "885Z09F9TP77WNACOP5AJ04SV"
http GET https://registry.npmjs.org/express
http 304 https://registry.npmjs.org/express
silly get cb [ 304,
silly get cb   { server: 'CouchDB/1.2.0 (Erlang OTP/R15B)',
silly get cb     etag: '"885Z09F9TP77WNACOP5AJ04SV"',
silly get cb     date: 'Mon, 18 Jun 2012 07:35:34 GMT',
silly get cb     'content-length': '0' } ]
verbose etag express from cache
silly name, range, hasData 2 [ 'express', '', true ]
silly versions [ 'express',
silly versions   [ '0.14.0',
silly versions     '0.14.1',
silly versions     '1.0.0beta',
silly versions     '1.0.0beta2',
silly versions     '1.0.0rc',
silly versions     '1.0.0rc2',
silly versions     '1.0.0rc3',
silly versions     '1.0.0rc4',
silly versions     '1.0.0',
silly versions     '1.0.1',
silly versions     '1.0.2',
silly versions     '1.0.3',
silly versions     '1.0.4',
silly versions     '1.0.5',
silly versions     '1.0.6',
silly versions     '1.0.7',
silly versions     '2.5.0',
silly versions     '2.5.1',
silly versions     '2.5.2',
silly versions     '2.5.3',
silly versions     '2.5.4',
silly versions     '2.5.5',
silly versions     '2.5.6',
silly versions     '2.5.7',
silly versions     '2.5.8',
silly versions     '2.5.9',
silly versions     '3.0.0alpha1',
silly versions     '3.0.0alpha2',
silly versions     '3.0.0alpha3',
silly versions     '3.0.0alpha4',
silly versions     '3.0.0alpha5',
silly versions     '3.0.0beta1',
silly versions     '3.0.0beta2',
silly versions     '3.0.0beta3',
silly versions     '2.5.10' ] ]
verbose bin dist [ '0.6-ares1.7.5-DEV-evundefined-openssl0.9.8r-v83.6.6.20-darwin-ia32-11.3.0',
verbose bin dist   { shasum: 'b1cdaf0c7e98e33125e6f8476800bdeb7f7efc8a',
verbose bin dist     tarball: 'http://registry.npmjs.org/express/-/express-2.5.10.tgz' } ]
verbose caching /Users/Soe/.npm/express/2.5.10/package/package.json
verbose loadDefaults express@2.5.10
silly resolved [ { name: 'express',
silly resolved     description: 'Sinatra inspired web development framework',
silly resolved     version: '2.5.10',
silly resolved     author: { name: 'TJ Holowaychuk', email: 'tj@vision-media.ca' },
silly resolved     contributors: 
silly resolved      [ { name: 'TJ Holowaychuk', email: 'tj@vision-media.ca' },
silly resolved        { name: 'Aaron Heckmann',
silly resolved          email: 'aaron.heckmann+github@gmail.com' },
silly resolved        { name: 'Ciaran Jessup', email: 'ciaranj@gmail.com' },
silly resolved        { name: 'Guillermo Rauch', email: 'rauchg@gmail.com' } ],
silly resolved     dependencies: { connect: '1.x', mime: '1.2.4', qs: '0.4.x', mkdirp: '0.3.0' },
silly resolved     devDependencies: 
silly resolved      { 'connect-form': '0.2.1',
silly resolved        ejs: '0.4.2',
silly resolved        expresso: '0.9.2',
silly resolved        hamljs: '0.6.x',
silly resolved        jade: '0.16.2',
silly resolved        stylus: '0.13.0',
silly resolved        should: '0.3.2',
silly resolved        'express-messages': '0.0.2',
silly resolved        'node-markdown': '>= 0.0.1',
silly resolved        'connect-redis': '>= 0.0.1' },
silly resolved     keywords: [ 'framework', 'sinatra', 'web', 'rest', 'restful' ],
silly resolved     repository: { type: 'git', url: 'git://github.com/visionmedia/express.git' },
silly resolved     main: 'index',
silly resolved     bin: { express: './bin/express' },
silly resolved     scripts: { test: 'make test', prepublish: 'npm prune' },
silly resolved     _id: 'express@2.5.10',
silly resolved     optionalDependencies: {},
silly resolved     engines: { node: '*' },
silly resolved     _engineSupported: true,
silly resolved     _npmVersion: '1.1.1',
silly resolved     _nodeVersion: 'v0.6.11',
silly resolved     _defaultsLoaded: true } ]
info into /usr/local/lib express@2.5.10
info installOne express@2.5.10
info unbuild /usr/local/lib/node_modules/express
verbose from cache /Users/Soe/.npm/express/2.5.10/package/package.json
verbose mkdir (expected) error ENOENT, no such file or directory '/usr/local/lib/node_modules/___express.npm'
verbose unpack_ uid, gid [ undefined, undefined ]
verbose unpackTarget /usr/local/lib/node_modules/express
ERR! Could not create /usr/local/lib/node_modules/___express.npm
ERR! error installing express@2.5.10
info unbuild /usr/local/lib/node_modules/express
verbose installOne cb express@2.5.10
ERR! Error: EACCES, permission denied '/usr/local/lib/node_modules/___express.npm'
ERR! 
ERR! Please try running this command again as root/Administrator.
ERR! 
ERR! System Darwin 11.3.0
ERR! command "node" "/usr/local/bin/npm" "install" "-g" "express"
ERR! cwd /Users/Soe/Dropbox/Public/pizzaville
ERR! node -v v0.6.11
ERR! npm -v 1.1.1
ERR! path /usr/local/lib/node_modules/___express.npm
ERR! code EACCES
ERR! message EACCES, permission denied '/usr/local/lib/node_modules/___express.npm'
ERR! errno {}
verbose exit [ 1, true ]
